
BookCommentモデルのテスト
  バリデーションのテスト
    commentカラム
[31m      空欄でないこと (FAILED - 1)[0m
  アソシエーションのテスト
    Bookモデルとの関係
[32m      N:1となっている[0m
    Userモデルとの関係
[32m      N:1となっている[0m

Bookモデルのテスト
  バリデーションのテスト
    titleカラム
[32m      空欄でないこと[0m
    bodyカラム
[32m      空欄でないこと[0m
[32m      200文字以下であること: 200文字は〇[0m
[32m      200文字以下であること: 201文字は×[0m
  アソシエーションのテスト
    Userモデルとの関係
[32m      N:1となっている[0m

Favoriteモデルのテスト
  バリデーションのテスト
[32m    ユーザーは一つの投稿に一つしかいいねできない[0m
  アソシエーションのテスト
    Bookモデルとの関係
[32m      N:1となっている[0m
    Userモデルとの関係
[32m      N:1となっている[0m

Userモデルのテスト
  バリデーションのテスト
    nameカラム
[32m      空欄でないこと[0m
[32m      2文字以上であること: 1文字は×[0m
[32m      2文字以上であること: 2文字は〇[0m
[32m      20文字以下であること: 20文字は〇[0m
[32m      20文字以下であること: 21文字は×[0m
[32m      一意性があること[0m
    introductionカラム
[32m      50文字以下であること: 50文字は〇[0m
[32m      50文字以下であること: 51文字は×[0m
  アソシエーションのテスト
    Bookモデルとの関係
[32m      1:Nとなっている[0m

[STEP1] ユーザログイン前のテスト
  トップ画面のテスト
    表示内容の確認
[32m      URLが正しい[0m
[32m      Log inリンクが表示される: 左上から5番目のリンクが「Log in」である[0m
[32m      Log inリンクの内容が正しい[0m
[32m      Sign upリンクが表示される: 左上から6番目のリンクが「Sign up」である[0m
[32m      Sign upリンクの内容が正しい[0m
  アバウト画面のテスト
    表示内容の確認
[32m      URLが正しい[0m
  ヘッダーのテスト: ログインしていない場合
    表示内容の確認
[32m      タイトルが表示される[0m
[32m      Homeリンクが表示される: 左上から1番目のリンクが「Home」である[0m
[32m      Aboutリンクが表示される: 左上から2番目のリンクが「About」である[0m
[32m      Sign upリンクが表示される: 左上から3番目のリンクが「Sign up」である[0m
[32m      Log inリンクが表示される: 左上から4番目のリンクが「Log in」である[0m
    リンクの内容を確認
[32m      Homeを押すと、トップ画面に遷移する[0m
[32m      Aboutを押すと、アバウト画面に遷移する[0m
[32m      Sign upを押すと、新規登録画面に遷移する[0m
[32m      Log inを押すと、ログイン画面に遷移する[0m
  ユーザ新規登録のテスト
    表示内容の確認
[32m      URLが正しい[0m
[32m      「Sign up」と表示される[0m
[32m      nameフォームが表示される[0m
[32m      emailフォームが表示される[0m
[32m      passwordフォームが表示される[0m
[32m      password_confirmationフォームが表示される[0m
[32m      Sign upボタンが表示される[0m
    新規登録成功のテスト
[32m      正しく新規登録される[0m
[32m      新規登録後のリダイレクト先が、新規登録できたユーザの詳細画面になっている[0m
  ユーザログイン
    表示内容の確認
[32m      URLが正しい[0m
[32m      「Log in」と表示される[0m
[32m      nameフォームが表示される[0m
[32m      passwordフォームが表示される[0m
[32m      Log inボタンが表示される[0m
[32m      emailフォームは表示されない[0m
    ログイン成功のテスト
[32m      ログイン後のリダイレクト先が、ログインしたユーザの詳細画面になっている[0m
    ログイン失敗のテスト
[32m      ログインに失敗し、ログイン画面にリダイレクトされる[0m
  ヘッダーのテスト: ログインしている場合
    ヘッダーの表示を確認
[32m      タイトルが表示される[0m
[32m      Homeリンクが表示される: 左上から1番目のリンクが「Home」である[0m
[32m      Usersリンクが表示される: 左上から2番目のリンクが「Users」である[0m
[32m      Booksリンクが表示される: 左上から3番目のリンクが「Books」である[0m
[32m      Log outリンクが表示される: 左上から4番目のリンクが「Log out」である[0m
  ユーザログアウトのテスト
    ログアウト機能のテスト
[32m      正しくログアウトできている: ログアウト後のリダイレクト先においてAbout画面へのリンクが存在する[0m
[32m      ログアウト後のリダイレクト先が、トップになっている[0m

[STEP2] ユーザログイン後のテスト
  ヘッダーのテスト: ログインしている場合
    リンクの内容を確認: ※logoutは『ユーザログアウトのテスト』でテスト済みになります。
[32m      Homeを押すと、自分のユーザ詳細画面に遷移する[0m
[32m      Usersを押すと、ユーザ一覧画面に遷移する[0m
[32m      Booksを押すと、投稿一覧画面に遷移する[0m
  投稿一覧画面のテスト
    表示内容の確認
[32m      URLが正しい[0m
[32m      自分と他人の画像のリンク先が正しい[0m
[32m      自分の投稿と他人の投稿のタイトルのリンク先がそれぞれ正しい[0m
[32m      自分の投稿と他人の投稿のオピニオンが表示される[0m
    サイドバーの確認
[32m      自分の名前と紹介文が表示される[0m
[32m      自分のユーザ編集画面へのリンクが存在する[0m
[32m      「New book」と表示される[0m
[32m      titleフォームが表示される[0m
[32m      titleフォームに値が入っていない[0m
[32m      opinionフォームが表示される[0m
[32m      opinionフォームに値が入っていない[0m
[32m      Create Bookボタンが表示される[0m
    投稿成功のテスト
[32m      自分の新しい投稿が正しく保存される[0m
[32m      リダイレクト先が、保存できた投稿の詳細画面になっている[0m
  自分の投稿詳細画面のテスト
    表示内容の確認
[32m      URLが正しい[0m
[32m      「Book detail」と表示される[0m
[32m      ユーザ画像・名前のリンク先が正しい[0m
[32m      投稿のtitleが表示される[0m
[32m      投稿のopinionが表示される[0m
[32m      投稿の編集リンクが表示される[0m
[32m      投稿の削除リンクが表示される[0m
    サイドバーの確認
[32m      自分の名前と紹介文が表示される[0m
[32m      自分のユーザ編集画面へのリンクが存在する[0m
[32m      「New book」と表示される[0m
[32m      titleフォームが表示される[0m
[32m      titleフォームに値が入っていない[0m
[32m      opinionフォームが表示される[0m
[32m      opinionフォームに値が入っていない[0m
[32m      Create Bookボタンが表示される[0m
    投稿成功のテスト
[32m      自分の新しい投稿が正しく保存される[0m
    編集リンクのテスト
[32m      編集画面に遷移する[0m
    削除リンクのテスト
[32m      正しく削除される[0m
[32m      リダイレクト先が、投稿一覧画面になっている[0m
  自分の投稿編集画面のテスト
    表示の確認
[32m      URLが正しい[0m
[32m      「Editing Book」と表示される[0m
[32m      title編集フォームが表示される[0m
[32m      opinion編集フォームが表示される[0m
[32m      Update Bookボタンが表示される[0m
[32m      Showリンクが表示される[0m
[32m      Backリンクが表示される[0m
    編集成功のテスト
[32m      titleが正しく更新される[0m
[32m      bodyが正しく更新される[0m
[32m      リダイレクト先が、更新した投稿の詳細画面になっている[0m
  ユーザ一覧画面のテスト
    表示内容の確認
[32m      URLが正しい[0m
[32m      自分と他人の画像が表示される: fallbackの画像がサイドバーの1つ＋一覧(2人)の2つの計3つ存在する[0m
[32m      自分と他人の名前がそれぞれ表示される[0m
[32m      自分と他人のshowリンクがそれぞれ表示される[0m
    サイドバーの確認
[32m      自分の名前と紹介文が表示される[0m
[32m      自分のユーザ編集画面へのリンクが存在する[0m
[32m      「New book」と表示される[0m
[32m      titleフォームが表示される[0m
[32m      titleフォームに値が入っていない[0m
[32m      opinionフォームが表示される[0m
[32m      opinionフォームに値が入っていない[0m
[32m      Create Bookボタンが表示される[0m
  自分のユーザ詳細画面のテスト
    表示の確認
[32m      URLが正しい[0m
[32m      投稿一覧のユーザ画像のリンク先が正しい[0m
[32m      投稿一覧に自分の投稿のtitleが表示され、リンクが正しい[0m
[32m      投稿一覧に自分の投稿のopinionが表示される[0m
[32m      他人の投稿は表示されない[0m
    サイドバーの確認
[32m      自分の名前と紹介文が表示される[0m
[32m      自分のユーザ編集画面へのリンクが存在する[0m
[32m      「New book」と表示される[0m
[32m      titleフォームが表示される[0m
[32m      titleフォームに値が入っていない[0m
[32m      opinionフォームが表示される[0m
[32m      opinionフォームに値が入っていない[0m
[32m      Create Bookボタンが表示される[0m
  自分のユーザ情報編集画面のテスト
    表示の確認
[32m      URLが正しい[0m
[32m      名前編集フォームに自分の名前が表示される[0m
[32m      画像編集フォームが表示される[0m
[32m      自己紹介編集フォームに自分の自己紹介文が表示される[0m
[32m      Update Userボタンが表示される[0m
    更新成功のテスト
[32m      nameが正しく更新される[0m
[32m      introductionが正しく更新される[0m
[32m      リダイレクト先が、自分のユーザ詳細画面になっている[0m

[STEP3] 仕上げのテスト
  サクセスメッセージのテスト
[32m    ユーザ新規登録成功時[0m
[32m    ユーザログイン成功時[0m
[32m    ユーザログアウト成功時[0m
[32m    ユーザのプロフィール情報更新成功時[0m
[32m    投稿データの新規投稿成功時: 投稿一覧画面から行います。[0m
[32m    投稿データの更新成功時[0m
  処理失敗時のテスト
    ユーザ新規登録失敗: nameを1文字にする
[32m      新規登録されない[0m
[32m      新規登録画面を表示しており、フォームの内容が正しい[0m
[32m      バリデーションエラーが表示される[0m
    ユーザのプロフィール情報編集失敗: nameを1文字にする
[32m      更新されない[0m
[32m      ユーザ編集画面を表示しており、フォームの内容が正しい[0m
[32m      バリデーションエラーが表示される[0m
    投稿データの新規投稿失敗: 投稿一覧画面から行い、titleを空にする
[32m      投稿が保存されない[0m
[32m      投稿一覧画面を表示している[0m
[32m      新規投稿フォームの内容が正しい[0m
[32m      バリデーションエラーが表示される[0m
    投稿データの更新失敗: titleを空にする
[32m      投稿が更新されない[0m
[32m      投稿編集画面を表示しており、フォームの内容が正しい[0m
[31m      エラーメッセージが表示される (FAILED - 2)[0m
  ログインしていない場合のアクセス制限のテスト: アクセスできず、ログイン画面に遷移する
[32m    ユーザ一覧画面[0m
[32m    ユーザ詳細画面[0m
[32m    ユーザ情報編集画面[0m
[32m    投稿一覧画面[0m
[32m    投稿詳細画面[0m
[32m    投稿編集画面[0m
  他人の画面のテスト
    他人の投稿詳細画面のテスト
      表示内容の確認
[32m        URLが正しい[0m
[32m        「Book detail」と表示される[0m
[32m        ユーザ画像・名前のリンク先が正しい[0m
[32m        投稿のtitleが表示される[0m
[32m        投稿のopinionが表示される[0m
[32m        投稿の編集リンクが表示されない[0m
[32m        投稿の削除リンクが表示されない[0m
      サイドバーの確認
[32m        他人の名前と紹介文が表示される[0m
[32m        他人のユーザ編集画面へのリンクが存在する[0m
[32m        自分の名前と紹介文は表示されない[0m
[32m        自分のユーザ編集画面へのリンクは存在しない[0m
    他人の投稿編集画面
[32m      遷移できず、投稿一覧画面にリダイレクトされる[0m
    他人のユーザ詳細画面のテスト
      表示の確認
[32m        URLが正しい[0m
[32m        投稿一覧のユーザ画像のリンク先が正しい[0m
[32m        投稿一覧に他人の投稿のtitleが表示され、リンクが正しい[0m
[32m        投稿一覧に他人の投稿のopinionが表示される[0m
[32m        自分の投稿は表示されない[0m
      サイドバーの確認
[32m        他人の名前と紹介文が表示される[0m
[32m        他人のユーザ編集画面へのリンクが存在する[0m
[32m        自分の名前と紹介文は表示されない[0m
[32m        自分のユーザ編集画面へのリンクは存在しない[0m
    他人のユーザ情報編集画面
[32m      遷移できず、自分のユーザ詳細画面にリダイレクトされる[0m
  グリッドシステムのテスト: container, row, col-md-〇を正しく使えている
[32m    ユーザ一覧画面[0m
[32m    ユーザ詳細画面[0m
[32m    投稿一覧画面[0m
[32m    投稿詳細画面[0m
  アイコンのテスト
    トップ画面
[32m      本のアイコンが表示される[0m
    アバウト画面
[32m      本のアイコンが表示される[0m
    ヘッダー: ログインしていない場合
[32m      Homeリンクのアイコンが表示される[0m
[31m      Aboutリンクのアイコンが表示される (FAILED - 3)[0m
[31m      Sign upリンクのアイコンが表示される (FAILED - 4)[0m
[31m      Log inリンクのアイコンが表示される (FAILED - 5)[0m
    ヘッダー: ログインしている場合
[32m      Homeリンクのアイコンが表示される[0m
[31m      Usersリンクのアイコンが表示される (FAILED - 6)[0m
[31m      Booksリンクのアイコンが表示される (FAILED - 7)[0m
[31m      Log outリンクのアイコンが表示される (FAILED - 8)[0m
    サイドバー
[32m      ユーザ一覧画面でレンチアイコンが表示される[0m
[32m      ユーザ詳細画面でレンチアイコンが表示される[0m
[32m      投稿一覧画面でレンチアイコンが表示される[0m
[32m      投稿詳細画面でレンチアイコンが表示される[0m

[STEP4] いいねとコメントのテスト
  投稿一覧画面のテスト[課題4追加分]
    表示の確認
[31m      いいねボタンのハートアイコンが表示される (FAILED - 9)[0m
[32m      いいねボタンが表示される[0m
[32m      コメント数が表示される[0m
    いいね作成機能のテスト
[32m      自分のいいねが正しく保存される[0m
[32m      リダイレクト先が投稿一覧画面になっている[0m
[32m      リダイレクト先でいいね数が正しく更新されている[0m
    いいね削除機能のテスト
[32m      自分のいいねが正しく削除される[0m
[32m      リダイレクト先が投稿一覧画面になっている[0m
[32m      リダイレクト先でいいね数が正しく更新されている[0m
  自分の投稿詳細画面のテスト[課題4追加分]
    表示の確認
[31m      いいねボタンのハートアイコンが表示される (FAILED - 10)[0m
[32m      いいねボタンが表示される[0m
[32m      コメント数が表示される[0m
[32m      コメント一覧でコメント投稿者の画像が表示される: fallbackの画像がサイドバーの1つ＋Book detail直下の1つ＋コメント一覧(2人)の2つの計4つ存在する[0m
[31m      コメント一覧でコメント投稿者の名前が表示される (FAILED - 11)[0m
[32m      コメント一覧でコメントの内容が表示される[0m
[31m      自分が投稿したコメントの削除ボタンが表示される (FAILED - 12)[0m
[32m      他人が投稿したコメントの削除ボタンは表示されない[0m
[32m      コメント投稿フォームが表示される[0m
[32m      送信ボタンが表示される[0m
    いいね機能のテスト
[32m      自分のいいねが正しく保存される[0m
[32m      リダイレクト先が、いいねをした投稿詳細画面になっている[0m
[32m      リダイレクト先でいいね数が正しく更新されている[0m
    コメント追加機能のテスト
[32m      自分のコメントが正しく保存される[0m
[32m      リダイレクト先が、コメントをした投稿詳細画面になっている[0m
[32m      リダイレクト先でコメント数が正しく更新されている[0m

Failures:

  1) BookCommentモデルのテスト バリデーションのテスト commentカラム 空欄でないこと
     [31mFailure/Error: is_expected.to eq false[0m
     [31m[0m
     [31m  expected: false[0m
     [31m       got: true[0m
     [31m[0m
     [31m  (compared using ==)[0m
     [31m[0m
     [31m  Diff:[0m[0m
     [31m  [0m[34m@@ -1 +1 @@[0m
     [31m  [0m[31m-false[0m
     [31m  [0m[32m+true[0m
     [31m  [0m[0m
     [36m# ./spec/models/book_comment_spec.rb:14:in `block (4 levels) in <top (required)>'[0m

  2) [STEP3] 仕上げのテスト 処理失敗時のテスト 投稿データの更新失敗: titleを空にする エラーメッセージが表示される
     [31mFailure/Error: expect(page).to have_content 'error'[0m
     [31m  expected to find text "error" in "Bookers\nHome Users Books Log out\nEditing Book\nTitle\nOpinion mc52tcdngw4n96hyrmq7\nShow | Back\nCopyRight Infratop.inc"[0m
     [36m# ./spec/system/03_finishing_touches_spec.rb:171:in `block (4 levels) in <main>'[0m

  3) [STEP3] 仕上げのテスト アイコンのテスト ヘッダー: ログインしていない場合 Aboutリンクのアイコンが表示される
     [31mFailure/Error: is_expected.to have_selector '.fas.fa-link'[0m
     [31m  expected to find css ".fas.fa-link" but there were no matches[0m
     [36m# ./spec/system/03_finishing_touches_spec.rb:385:in `block (4 levels) in <main>'[0m

  4) [STEP3] 仕上げのテスト アイコンのテスト ヘッダー: ログインしていない場合 Sign upリンクのアイコンが表示される
     [31mFailure/Error: is_expected.to have_selector '.fas.fa-user-plus'[0m
     [31m  expected to find css ".fas.fa-user-plus" but there were no matches[0m
     [36m# ./spec/system/03_finishing_touches_spec.rb:388:in `block (4 levels) in <main>'[0m

  5) [STEP3] 仕上げのテスト アイコンのテスト ヘッダー: ログインしていない場合 Log inリンクのアイコンが表示される
     [31mFailure/Error: is_expected.to have_selector '.fas.fa-sign-in-alt'[0m
     [31m  expected to find css ".fas.fa-sign-in-alt" but there were no matches[0m
     [36m# ./spec/system/03_finishing_touches_spec.rb:391:in `block (4 levels) in <main>'[0m

  6) [STEP3] 仕上げのテスト アイコンのテスト ヘッダー: ログインしている場合 Usersリンクのアイコンが表示される
     [31mFailure/Error: is_expected.to have_selector '.fas.fa-users'[0m
     [31m  expected to find css ".fas.fa-users" but there were no matches[0m
     [36m# ./spec/system/03_finishing_touches_spec.rb:409:in `block (4 levels) in <main>'[0m

  7) [STEP3] 仕上げのテスト アイコンのテスト ヘッダー: ログインしている場合 Booksリンクのアイコンが表示される
     [31mFailure/Error: is_expected.to have_selector '.fas.fa-book-open'[0m
     [31m  expected to find css ".fas.fa-book-open" but there were no matches[0m
     [36m# ./spec/system/03_finishing_touches_spec.rb:412:in `block (4 levels) in <main>'[0m

  8) [STEP3] 仕上げのテスト アイコンのテスト ヘッダー: ログインしている場合 Log outリンクのアイコンが表示される
     [31mFailure/Error: is_expected.to have_selector '.fas.fa-sign-out-alt'[0m
     [31m  expected to find css ".fas.fa-sign-out-alt" but there were no matches[0m
     [36m# ./spec/system/03_finishing_touches_spec.rb:415:in `block (4 levels) in <main>'[0m

  9) [STEP4] いいねとコメントのテスト 投稿一覧画面のテスト[課題4追加分] 表示の確認 いいねボタンのハートアイコンが表示される
     [31mFailure/Error: expect(page).to have_selector('.fa-heart')[0m
     [31m  expected to find css ".fa-heart" but there were no matches[0m
     [36m# ./spec/system/04_favorite_comment_spec.rb:25:in `block (4 levels) in <main>'[0m

  10) [STEP4] いいねとコメントのテスト 自分の投稿詳細画面のテスト[課題4追加分] 表示の確認 いいねボタンのハートアイコンが表示される
      [31mFailure/Error: expect(page).to have_selector('.fa-heart')[0m
      [31m  expected to find css ".fa-heart" but there were no matches[0m
      [36m# ./spec/system/04_favorite_comment_spec.rb:70:in `block (4 levels) in <main>'[0m

  11) [STEP4] いいねとコメントのテスト 自分の投稿詳細画面のテスト[課題4追加分] 表示の確認 コメント一覧でコメント投稿者の名前が表示される
      [31mFailure/Error: beybug[0m
      [31m[0m
      [31mNameError:[0m
      [31m  undefined local variable or method `beybug' for #<RSpec::ExampleGroups::STEP4::Nested4_2::Nested "コメント一覧でコメント投稿者の名前が表示される" (./spec/system/04_favorite_comment_spec.rb:81)>[0m
      [31m  Did you mean?  byebug[0m
      [36m# ./spec/system/04_favorite_comment_spec.rb:82:in `block (4 levels) in <main>'[0m

  12) [STEP4] いいねとコメントのテスト 自分の投稿詳細画面のテスト[課題4追加分] 表示の確認 自分が投稿したコメントの削除ボタンが表示される
      [31mFailure/Error: expect(page).to have_link 'Destroy', href: book_book_comment_path(book_id: book.id, id: user_book_comment.id)[0m
      [31m  expected to find link "Destroy" with href "/books/1/book_comments/1" but there were no matches[0m
      [36m# ./spec/system/04_favorite_comment_spec.rb:91:in `block (4 levels) in <main>'[0m

Finished in 2 minutes 53.3 seconds (files took 1.41 seconds to load)
[31m229 examples, 12 failures[0m

Failed examples:

[31mrspec ./spec/models/book_comment_spec.rb:12[0m [36m# BookCommentモデルのテスト バリデーションのテスト commentカラム 空欄でないこと[0m
[31mrspec ./spec/system/03_finishing_touches_spec.rb:170[0m [36m# [STEP3] 仕上げのテスト 処理失敗時のテスト 投稿データの更新失敗: titleを空にする エラーメッセージが表示される[0m
[31mrspec ./spec/system/03_finishing_touches_spec.rb:384[0m [36m# [STEP3] 仕上げのテスト アイコンのテスト ヘッダー: ログインしていない場合 Aboutリンクのアイコンが表示される[0m
[31mrspec ./spec/system/03_finishing_touches_spec.rb:387[0m [36m# [STEP3] 仕上げのテスト アイコンのテスト ヘッダー: ログインしていない場合 Sign upリンクのアイコンが表示される[0m
[31mrspec ./spec/system/03_finishing_touches_spec.rb:390[0m [36m# [STEP3] 仕上げのテスト アイコンのテスト ヘッダー: ログインしていない場合 Log inリンクのアイコンが表示される[0m
[31mrspec ./spec/system/03_finishing_touches_spec.rb:408[0m [36m# [STEP3] 仕上げのテスト アイコンのテスト ヘッダー: ログインしている場合 Usersリンクのアイコンが表示される[0m
[31mrspec ./spec/system/03_finishing_touches_spec.rb:411[0m [36m# [STEP3] 仕上げのテスト アイコンのテスト ヘッダー: ログインしている場合 Booksリンクのアイコンが表示される[0m
[31mrspec ./spec/system/03_finishing_touches_spec.rb:414[0m [36m# [STEP3] 仕上げのテスト アイコンのテスト ヘッダー: ログインしている場合 Log outリンクのアイコンが表示される[0m
[31mrspec ./spec/system/04_favorite_comment_spec.rb:24[0m [36m# [STEP4] いいねとコメントのテスト 投稿一覧画面のテスト[課題4追加分] 表示の確認 いいねボタンのハートアイコンが表示される[0m
[31mrspec ./spec/system/04_favorite_comment_spec.rb:69[0m [36m# [STEP4] いいねとコメントのテスト 自分の投稿詳細画面のテスト[課題4追加分] 表示の確認 いいねボタンのハートアイコンが表示される[0m
[31mrspec ./spec/system/04_favorite_comment_spec.rb:81[0m [36m# [STEP4] いいねとコメントのテスト 自分の投稿詳細画面のテスト[課題4追加分] 表示の確認 コメント一覧でコメント投稿者の名前が表示される[0m
[31mrspec ./spec/system/04_favorite_comment_spec.rb:90[0m [36m# [STEP4] いいねとコメントのテスト 自分の投稿詳細画面のテスト[課題4追加分] 表示の確認 自分が投稿したコメントの削除ボタンが表示される[0m

